# JRE version: OpenJDK Runtime Environment Microsoft-13106404 (21.0.10+7) (build 21.0.10+7-LTS)
# Java VM: OpenJDK 64-Bit Server VM Microsoft-13106404 (21.0.10+7-LTS, mixed mode, sharing, tiered, compressed oops, compressed class ptrs, g1 gc, windows-amd64)
GC Precious Log:
 CardTable entry size: 512
 Card Set container configuration: InlinePtr #cards 5 size 8 Array Of Cards #cards 12 size 40 Howl #buckets 4 coarsen threshold 1843 Howl Bitmap #cards 512 size 80 coarsen threshold 460 Card regions per heap region 1 cards per card region 2048
 CPUs: 12 total, 12 available
 Memory: 7884M
 Large Page Support: Disabled
 NUMA Support: Disabled
 Compressed Oops: Enabled (32-bit)
 Heap Region Size: 1M
 Heap Min Capacity: 8M
 Heap Initial Capacity: 124M
 Heap Max Capacity: 1972M
 Pre-touch: Disabled
 Parallel Workers: 10
 Concurrent Workers: 3
 Concurrent Refinement Workers: 10
 Periodic GC: Disabled
Heap:
 garbage-first heap   total 309248K, used 227841K [0x0000000084c00000, 0x0000000100000000)
  region size 1024K, 43 young (44032K), 8 survivors (8192K)
 Metaspace       used 66720K, committed 67072K, reserved 1114112K
  class space    used 7308K, committed 7488K, reserved 1048576K
GC Heap History (20 events):
Event: 50.239 GC heap before
{Heap before GC invocations=28 (full 0):
 garbage-first heap   total 207872K, used 163328K [0x0000000084c00000, 0x0000000100000000)
  region size 1024K, 65 young (66560K), 4 survivors (4096K)
 Metaspace       used 49115K, committed 49408K, reserved 1114112K
  class space    used 5772K, committed 5888K, reserved 1048576K
}
Event: 50.271 GC heap after
{Heap after GC invocations=29 (full 0):
 garbage-first heap   total 207872K, used 119644K [0x0000000084c00000, 0x0000000100000000)
  region size 1024K, 9 young (9216K), 9 survivors (9216K)
 Metaspace       used 49115K, committed 49408K, reserved 1114112K
  class space    used 5772K, committed 5888K, reserved 1048576K
}
Event: 53.319 GC heap before
{Heap before GC invocations=29 (full 0):
 garbage-first heap   total 207872K, used 166748K [0x0000000084c00000, 0x0000000100000000)
  region size 1024K, 55 young (56320K), 9 survivors (9216K)
 Metaspace       used 51531K, committed 51840K, reserved 1114112K
  class space    used 6011K, committed 6144K, reserved 1048576K
}
Event: 53.365 GC heap after
{Heap after GC invocations=30 (full 0):
 garbage-first heap   total 207872K, used 132096K [0x0000000084c00000, 0x0000000100000000)
  region size 1024K, 7 young (7168K), 7 survivors (7168K)
 Metaspace       used 51531K, committed 51840K, reserved 1114112K
  class space    used 6011K, committed 6144K, reserved 1048576K
}
Event: 58.713 GC heap before
{Heap before GC invocations=30 (full 0):
 garbage-first heap   total 207872K, used 174080K [0x0000000084c00000, 0x0000000100000000)
  region size 1024K, 48 young (49152K), 7 survivors (7168K)
 Metaspace       used 55616K, committed 55936K, reserved 1114112K
  class space    used 6412K, committed 6528K, reserved 1048576K
}
Event: 58.757 GC heap after
{Heap after GC invocations=31 (full 0):
 garbage-first heap   total 207872K, used 140288K [0x0000000084c00000, 0x0000000100000000)
  region size 1024K, 6 young (6144K), 6 survivors (6144K)
 Metaspace       used 55616K, committed 55936K, reserved 1114112K
  class space    used 6412K, committed 6528K, reserved 1048576K
}
Event: 64.931 GC heap before
{Heap before GC invocations=32 (full 0):
 garbage-first heap   total 234496K, used 180224K [0x0000000084c00000, 0x0000000100000000)
  region size 1024K, 45 young (46080K), 6 survivors (6144K)
 Metaspace       used 60015K, committed 60416K, reserved 1114112K
  class space    used 6938K, committed 7168K, reserved 1048576K
}
Event: 64.963 GC heap after
{Heap after GC invocations=33 (full 0):
 garbage-first heap   total 234496K, used 148208K [0x0000000084c00000, 0x0000000100000000)
  region size 1024K, 6 young (6144K), 6 survivors (6144K)
 Metaspace       used 60015K, committed 60416K, reserved 1114112K
  class space    used 6938K, committed 7168K, reserved 1048576K
}
Event: 73.728 GC heap before
{Heap before GC invocations=33 (full 0):
 garbage-first heap   total 234496K, used 201456K [0x0000000084c00000, 0x0000000100000000)
  region size 1024K, 58 young (59392K), 6 survivors (6144K)
 Metaspace       used 61315K, committed 61760K, reserved 1114112K
  class space    used 7027K, committed 7232K, reserved 1048576K
}
Event: 73.760 GC heap after
{Heap after GC invocations=34 (full 0):
 garbage-first heap   total 234496K, used 155954K [0x0000000084c00000, 0x0000000100000000)
  region size 1024K, 8 young (8192K), 8 survivors (8192K)
 Metaspace       used 61315K, committed 61760K, reserved 1114112K
  class space    used 7027K, committed 7232K, reserved 1048576K
}
Event: 76.861 GC heap before
{Heap before GC invocations=34 (full 0):
 garbage-first heap   total 234496K, used 205106K [0x0000000084c00000, 0x0000000100000000)
  region size 1024K, 56 young (57344K), 8 survivors (8192K)
 Metaspace       used 61712K, committed 62144K, reserved 1114112K
  class space    used 7038K, committed 7232K, reserved 1048576K
}
Event: 76.898 GC heap after
{Heap after GC invocations=35 (full 0):
 garbage-first heap   total 234496K, used 164864K [0x0000000084c00000, 0x0000000100000000)
  region size 1024K, 7 young (7168K), 7 survivors (7168K)
 Metaspace       used 61712K, committed 62144K, reserved 1114112K
  class space    used 7038K, committed 7232K, reserved 1048576K
}
Event: 80.213 GC heap before
{Heap before GC invocations=36 (full 0):
 garbage-first heap   total 275456K, used 209920K [0x0000000084c00000, 0x0000000100000000)
  region size 1024K, 51 young (52224K), 7 survivors (7168K)
 Metaspace       used 61920K, committed 62336K, reserved 1114112K
  class space    used 7049K, committed 7232K, reserved 1048576K
}
Event: 80.234 GC heap after
{Heap after GC invocations=37 (full 0):
 garbage-first heap   total 275456K, used 172123K [0x0000000084c00000, 0x0000000100000000)
  region size 1024K, 7 young (7168K), 7 survivors (7168K)
 Metaspace       used 61920K, committed 62336K, reserved 1114112K
  class space    used 7049K, committed 7232K, reserved 1048576K
}
Event: 89.419 GC heap before
{Heap before GC invocations=37 (full 0):
 garbage-first heap   total 275456K, used 239707K [0x0000000084c00000, 0x0000000100000000)
  region size 1024K, 73 young (74752K), 7 survivors (7168K)
 Metaspace       used 62370K, committed 62784K, reserved 1114112K
  class space    used 7063K, committed 7232K, reserved 1048576K
}
Event: 89.441 GC heap after
{Heap after GC invocations=38 (full 0):
 garbage-first heap   total 275456K, used 177900K [0x0000000084c00000, 0x0000000100000000)
  region size 1024K, 8 young (8192K), 8 survivors (8192K)
 Metaspace       used 62370K, committed 62784K, reserved 1114112K
  class space    used 7063K, committed 7232K, reserved 1048576K
}
Event: 99.323 GC heap before
{Heap before GC invocations=38 (full 0):
 garbage-first heap   total 275456K, used 245484K [0x0000000084c00000, 0x0000000100000000)
  region size 1024K, 74 young (75776K), 8 survivors (8192K)
 Metaspace       used 64173K, committed 64576K, reserved 1114112K
  class space    used 7217K, committed 7424K, reserved 1048576K
}
Event: 99.357 GC heap after
{Heap after GC invocations=39 (full 0):
 garbage-first heap   total 275456K, used 184536K [0x0000000084c00000, 0x0000000100000000)
  region size 1024K, 7 young (7168K), 7 survivors (7168K)
 Metaspace       used 64173K, committed 64576K, reserved 1114112K
  class space    used 7217K, committed 7424K, reserved 1048576K
}
Event: 119.308 GC heap before
{Heap before GC invocations=40 (full 0):
 garbage-first heap   total 309248K, used 248024K [0x0000000084c00000, 0x0000000100000000)
  region size 1024K, 69 young (70656K), 7 survivors (7168K)
 Metaspace       used 66307K, committed 66688K, reserved 1114112K
  class space    used 7292K, committed 7488K, reserved 1048576K
}
Event: 119.334 GC heap after
{Heap after GC invocations=41 (full 0):
 garbage-first heap   total 309248K, used 193025K [0x0000000084c00000, 0x0000000100000000)
  region size 1024K, 8 young (8192K), 8 survivors (8192K)
 Metaspace       used 66307K, committed 66688K, reserved 1114112K
  class space    used 7292K, committed 7488K, reserved 1048576K
}

